<?xml version="1.0" encoding="UTF-8"?>
<!-- Generated by org.testng.reporters.JUnitReportReporter -->
<testsuite hostname="DESKTOP-VF98T4M" failures="0" tests="1" name="dropdown_list.Price_high_low" time="6.278" errors="0" timestamp="08 Nov 2022 02:27:12 GMT" skipped="0">
  <testcase classname="dropdown_list.Price_high_low" name="testImplicitTest" time="6.278"/>
</testsuite> <!-- dropdown_list.Price_high_low -->
