<?xml version="1.0" encoding="UTF-8"?>
<!-- Generated by org.testng.reporters.JUnitReportReporter -->
<testsuite hostname="DESKTOP-VF98T4M" failures="0" tests="1" name="buy_product.Empty_lname" time="12.054" errors="0" timestamp="07 Nov 2022 06:38:57 GMT" skipped="0">
  <testcase classname="buy_product.Empty_lname" name="testImplicitTest" time="12.054"/>
</testsuite> <!-- buy_product.Empty_lname -->
