<?xml version="1.0" encoding="UTF-8"?>
<!-- Generated by org.testng.reporters.JUnitReportReporter -->
<testsuite hostname="DESKTOP-VF98T4M" failures="0" tests="1" name="dropdown_list.Price_low_high" time="6.224" errors="0" timestamp="08 Nov 2022 02:26:48 GMT" skipped="0">
  <testcase classname="dropdown_list.Price_low_high" name="testImplicitTest" time="6.224"/>
</testsuite> <!-- dropdown_list.Price_low_high -->
