<?xml version="1.0" encoding="UTF-8"?>
<!-- Generated by org.testng.reporters.JUnitReportReporter -->
<testsuite hostname="DESKTOP-VF98T4M" failures="0" tests="1" name="Social_media_links.Facebook" time="3.976" errors="0" timestamp="08 Nov 2022 04:46:38 GMT" skipped="0">
  <testcase classname="Social_media_links.Facebook" name="testImplicitTest" time="3.976"/>
</testsuite> <!-- Social_media_links.Facebook -->
