<?xml version="1.0" encoding="UTF-8"?>
<!-- Generated by org.testng.reporters.JUnitReportReporter -->
<testsuite hostname="DESKTOP-VF98T4M" failures="0" tests="1" name="Selenium.ITI_Project.ValidLogin" time="0.438" errors="0" timestamp="06 Nov 2022 23:54:04 GMT" skipped="0">
  <testcase classname="Selenium.ITI_Project.ValidLogin" name="testImplicitTest" time="0.438"/>
</testsuite> <!-- Selenium.ITI_Project.ValidLogin -->
