<?xml version="1.0" encoding="UTF-8"?>
<!-- Generated by org.testng.reporters.JUnitReportReporter -->
<testsuite hostname="DESKTOP-VF98T4M" failures="0" tests="1" name="Social_media_links.Linkedin" time="3.934" errors="0" timestamp="08 Nov 2022 04:49:08 GMT" skipped="0">
  <testcase classname="Social_media_links.Linkedin" name="testImplicitTest" time="3.934"/>
</testsuite> <!-- Social_media_links.Linkedin -->
