<?xml version="1.0" encoding="UTF-8"?>
<!-- Generated by org.testng.reporters.JUnitReportReporter -->
<testsuite hostname="DESKTOP-VF98T4M" failures="0" tests="1" name="add_To_Cart.Multiple_products" time="8.844" errors="0" timestamp="07 Nov 2022 04:16:51 GMT" skipped="0">
  <testcase classname="add_To_Cart.Multiple_products" name="testImplicitTest" time="8.844"/>
</testsuite> <!-- add_To_Cart.Multiple_products -->
