<?xml version="1.0" encoding="UTF-8"?>
<!-- Generated by org.testng.reporters.JUnitReportReporter -->
<testsuite hostname="DESKTOP-VF98T4M" failures="0" tests="1" name="add_To_Cart.Remove_from_cart" time="8.552" errors="0" timestamp="07 Nov 2022 05:00:56 GMT" skipped="0">
  <testcase classname="add_To_Cart.Remove_from_cart" name="testImplicitTest" time="8.552"/>
</testsuite> <!-- add_To_Cart.Remove_from_cart -->
