<?xml version="1.0" encoding="UTF-8"?>
<!-- Generated by org.testng.reporters.JUnitReportReporter -->
<testsuite hostname="DESKTOP-VF98T4M" failures="0" tests="1" name="Social_media_links.Twitter" time="6.902" errors="0" timestamp="08 Nov 2022 04:43:21 GMT" skipped="0">
  <testcase classname="Social_media_links.Twitter" name="testImplicitTest" time="6.902"/>
</testsuite> <!-- Social_media_links.Twitter -->
