<?xml version="1.0" encoding="UTF-8"?>
<!-- Generated by org.testng.reporters.JUnitReportReporter -->
<testsuite hostname="DESKTOP-VF98T4M" failures="0" tests="1" name="dropdown_list.From_Z_A" time="5.655" errors="0" timestamp="08 Nov 2022 02:45:12 GMT" skipped="0">
  <testcase classname="dropdown_list.From_Z_A" name="testImplicitTest" time="5.655"/>
</testsuite> <!-- dropdown_list.From_Z_A -->
