<?xml version="1.0" encoding="UTF-8"?>
<!-- Generated by org.testng.reporters.JUnitReportReporter -->
<testsuite hostname="DESKTOP-VF98T4M" failures="0" tests="1" name="Selenium.ITI_Project.Ai" time="11.195" errors="0" timestamp="06 Nov 2022 04:35:26 GMT" skipped="0">
  <testcase classname="Selenium.ITI_Project.Ai" name="submitCommand" time="11.195"/>
</testsuite> <!-- Selenium.ITI_Project.Ai -->
