<?xml version="1.0" encoding="UTF-8"?>
<!-- Generated by org.testng.reporters.JUnitReportReporter -->
<testsuite hostname="DESKTOP-VF98T4M" failures="0" tests="1" name="Selenium.ITI_Project.Invalid_pass" time="3.346" errors="0" timestamp="07 Nov 2022 00:07:04 GMT" skipped="0">
  <testcase classname="Selenium.ITI_Project.Invalid_pass" name="testImplicitTest" time="3.346"/>
</testsuite> <!-- Selenium.ITI_Project.Invalid_pass -->
