<?xml version="1.0" encoding="UTF-8"?>
<!-- Generated by org.testng.reporters.JUnitReportReporter -->
<testsuite hostname="DESKTOP-VF98T4M" failures="0" tests="1" name="logout.Logout" time="8.169" errors="0" timestamp="08 Nov 2022 05:11:52 GMT" skipped="0">
  <testcase classname="logout.Logout" name="testImplicitTest" time="8.169"/>
</testsuite> <!-- logout.Logout -->
