<?xml version="1.0" encoding="UTF-8"?>
<!-- Generated by org.testng.reporters.JUnitReportReporter -->
<testsuite hostname="DESKTOP-VF98T4M" failures="0" tests="1" name="dropdown_list.Zdtgh" time="0.290" errors="0" timestamp="07 Nov 2022 22:04:37 GMT" skipped="0">
  <testcase classname="dropdown_list.Zdtgh" name="testImplicitTest" time="0.290"/>
</testsuite> <!-- dropdown_list.Zdtgh -->
