<?xml version="1.0" encoding="UTF-8"?>
<!-- Generated by org.testng.reporters.JUnitReportReporter -->
<testsuite hostname="DESKTOP-VF98T4M" failures="0" tests="1" name="buy_product.Valid_buying_process" time="16.200" errors="0" timestamp="07 Nov 2022 21:20:50 GMT" skipped="0">
  <testcase classname="buy_product.Valid_buying_process" name="testImplicitTest" time="16.200"/>
</testsuite> <!-- buy_product.Valid_buying_process -->
