<?xml version="1.0" encoding="UTF-8"?>
<!-- Generated by org.testng.reporters.JUnitReportReporter -->
<testsuite hostname="DESKTOP-VF98T4M" failures="0" tests="1" name="buy_product.Empty_PostalCode" time="12.067" errors="0" timestamp="07 Nov 2022 06:44:48 GMT" skipped="0">
  <testcase classname="buy_product.Empty_PostalCode" name="testImplicitTest" time="12.067"/>
</testsuite> <!-- buy_product.Empty_PostalCode -->
