<?xml version="1.0" encoding="UTF-8"?>
<!-- Generated by org.testng.reporters.JUnitReportReporter -->
<testsuite hostname="DESKTOP-VF98T4M" failures="0" tests="1" name="add_To_Cart.Add_to_cart" time="7.844" errors="0" timestamp="07 Nov 2022 04:04:55 GMT" skipped="0">
  <testcase classname="add_To_Cart.Add_to_cart" name="testImplicitTest" time="7.844"/>
</testsuite> <!-- add_To_Cart.Add_to_cart -->
