<?xml version="1.0" encoding="UTF-8"?>
<!-- Generated by org.testng.reporters.JUnitReportReporter -->
<testsuite hostname="DESKTOP-VF98T4M" failures="0" tests="1" name="Selenium.ITI_Project.Empty_Username" time="3.230" errors="0" timestamp="07 Nov 2022 00:45:42 GMT" skipped="0">
  <testcase classname="Selenium.ITI_Project.Empty_Username" name="testImplicitTest" time="3.230"/>
</testsuite> <!-- Selenium.ITI_Project.Empty_Username -->
