<?xml version="1.0" encoding="UTF-8"?>
<!-- Generated by org.testng.reporters.JUnitReportReporter -->
<testsuite hostname="DESKTOP-VF98T4M" failures="0" tests="1" name="buy_product.Empty_Fname" time="12.747" errors="0" timestamp="07 Nov 2022 17:24:42 GMT" skipped="0">
  <testcase classname="buy_product.Empty_Fname" name="testImplicitTest" time="12.747"/>
</testsuite> <!-- buy_product.Empty_Fname -->
